<?xml version="1.0" encoding="UTF-8"?>
<!-- Generated by org.testng.reporters.JUnitXMLReporter -->
<testsuite ignored="0" hostname="Krishna-PC" failures="0" tests="28" name="Test1" time="237.512" errors="0" timestamp="2024-01-25T00:04:27 IST">
  <testcase classname="groww.runner.RunTest" name="testcaseone" time="6.549"/>
  <testcase classname="groww.runner.RunTest" name="testcasetwo" time="3.963"/>
  <testcase classname="groww.runner.RunTest" name="testcasethree" time="5.044"/>
  <testcase classname="groww.runner.RunTest" name="testcasefour" time="3.929"/>
  <testcase classname="groww.runner.RunTest" name="testcasefive" time="3.827"/>
  <testcase classname="groww.runner.RunTest" name="testcasesix" time="4.244"/>
  <testcase classname="groww.runner.RunTest" name="testcaseseven" time="2.99"/>
  <testcase classname="groww.runner.RunTest" name="testcaseeight" time="6.058"/>
  <testcase classname="groww.runner.RunTest" name="testcasenine" time="6.018"/>
  <testcase classname="groww.runner.RunTest" name="testcaseten" time="4.119"/>
  <testcase classname="groww.runner.RunTest" name="testcaseeleven" time="4.158"/>
  <testcase classname="groww.runner.RunTest" name="testcasetwelve" time="5.368"/>
  <testcase classname="groww.runner.RunTest" name="testcasefifteen" time="3.929"/>
  <testcase classname="groww.runner.RunTest" name="testcasesixteen" time="4.217"/>
  <testcase classname="groww.runner.RunTest" name="testcaseseventeen" time="5.239"/>
  <testcase classname="groww.runner.RunTest" name="testcaseeightteen" time="4.359"/>
  <testcase classname="groww.runner.RunTest" name="testcasenineteen" time="4.578"/>
  <testcase classname="groww.runner.RunTest" name="testcasetwenty" time="4.684"/>
  <testcase classname="groww.runner.RunTest" name="testcasetwentyone" time="4.043"/>
  <testcase classname="groww.runner.RunTest" name="testcasetwentytwo" time="4.741"/>
  <testcase classname="groww.runner.RunTest" name="testcasetwentythree" time="4.459"/>
  <testcase classname="groww.runner.RunTest" name="testcasetwentyfour" time="3.45"/>
  <testcase classname="groww.runner.RunTest" name="testcasetwentyfive" time="3.62"/>
  <testcase classname="groww.runner.RunTest" name="testcasetwentysix" time="3.077"/>
  <testcase classname="groww.runner.RunTest" name="testcasetwentyseven" time="3.282"/>
  <testcase classname="groww.runner.RunTest" name="testcasetwentyeight" time="3.467"/>
  <testcase classname="groww.runner.RunTest" name="testcasetwentynine" time="3.428"/>
  <testcase classname="groww.runner.RunTest" name="testcasethirty" time="2.858"/>
</testsuite> <!-- Test1 -->
